<?xml version="1.0" encoding="UTF-8"?>
<testsuite xmlns:xsi="http://www.w3.org/2001/XMLSchema-instance" xsi:noNamespaceSchemaLocation="https://maven.apache.org/surefire/maven-surefire-plugin/xsd/surefire-test-report.xsd" name="pl.edu.wszib.edoctor.services.impl.UserServiceImplTest" time="0" tests="1" errors="1" skipped="0" failures="0">
  <properties>
[...]
</properties>
  <testcase name="correctAuthenticationTest" classname="pl.edu.wszib.edoctor.services.impl.UserServiceImplTest" time="0.024">
    <error message="Cannot invoke &quot;pl.edu.wszib.edoctor.services.IUserService.authenticate(pl.edu.wszib.edoctor.model.User)&quot; because &quot;this.userService&quot; is null" type="java.lang.NullPointerException">java.lang.NullPointerException: Cannot invoke "pl.edu.wszib.edoctor.services.IUserService.authenticate(pl.edu.wszib.edoctor.model.User)" because "this.userService" is null
	at pl.edu.wszib.edoctor.services.impl.UserServiceImplTest.correctAuthenticationTest(UserServiceImplTest.java:63)
</error>
  </testcase>
  <testcase name="incorrectPassTest" classname="pl.edu.wszib.edoctor.services.impl.UserServiceImplTest" time="0">
    <error message="Cannot invoke &quot;pl.edu.wszib.edoctor.services.IUserService.authenticate(pl.edu.wszib.edoctor.model.User)&quot; because &quot;this.userService&quot; is null" type="java.lang.NullPointerException">java.lang.NullPointerException: Cannot invoke "pl.edu.wszib.edoctor.services.IUserService.authenticate(pl.edu.wszib.edoctor.model.User)" because "this.userService" is null
	at pl.edu.wszib.edoctor.services.impl.UserServiceImplTest.incorrectPassTest(UserServiceImplTest.java:85)
</error>
  </testcase>
  <testcase name="incorrectAuthenticationTest" classname="pl.edu.wszib.edoctor.services.impl.UserServiceImplTest" time="0.001">
    <error message="Cannot invoke &quot;pl.edu.wszib.edoctor.services.IUserService.authenticate(pl.edu.wszib.edoctor.model.User)&quot; because &quot;this.userService&quot; is null" type="java.lang.NullPointerException">java.lang.NullPointerException: Cannot invoke "pl.edu.wszib.edoctor.services.IUserService.authenticate(pl.edu.wszib.edoctor.model.User)" because "this.userService" is null
	at pl.edu.wszib.edoctor.services.impl.UserServiceImplTest.incorrectAuthenticationTest(UserServiceImplTest.java:74)
</error>
  </testcase>
  <testcase name="initializationError" classname="pl.edu.wszib.edoctor.services.impl.UserServiceImplTest" time="0">
    <error message="Invalid test class &apos;pl.edu.wszib.edoctor.services.impl.UserServiceImplTest&apos;:&#10;  1. No runnable methods" type="org.junit.runners.model.InvalidTestClassError">org.junit.runners.model.InvalidTestClassError: 
Invalid test class 'pl.edu.wszib.edoctor.services.impl.UserServiceImplTest':
  1. No runnable methods
</error>
  </testcase>
</testsuite>